<?xml version="1.0" encoding="UTF-8"?>
<!-- Generated by org.testng.reporters.JUnitXMLReporter -->
<testsuite hostname="DESKTOP-MH2MSQ8" ignored="0" name="Test" tests="3" failures="1" timestamp="19 Jun 2020 14:56:14 GMT" time="405.858" errors="0">
  <testcase name="falsey" time="0.955" classname="teqo.qa.framework.teqo.Demo">
    <failure type="java.lang.AssertionError" message="expected [Google] but found [Erixis]">
      <![CDATA[java.lang.AssertionError: expected [Google] but found [Erixis]at teqo.qa.framework.teqo.Demo.falsey(Demo.java:20)... Removed 31 stack frames]]>
    </failure>
  </testcase> <!-- falsey -->
  <testcase name="print" time="0.001" classname="teqo.qa.framework.teqo.Demo"/>
  <testcase name="truly" time="0.029" classname="teqo.qa.framework.teqo.Demo"/>
</testsuite> <!-- Test -->
